<?xml version="1.0" encoding="UTF-8"?>
<!-- Generated by org.testng.reporters.JUnitXMLReporter -->
<testsuite ignored="0" hostname="DESKTOP-7QG629F" failures="0" tests="4" name="automation testing1" time="18.656" errors="0" timestamp="2024-03-03T22:38:48 AST">
  <testcase classname="testNg_1" name="TC_1" time="0.454"/>
  <testcase classname="testNg_1" name="TC_2" time="5.469"/>
  <testcase classname="testNg_1" name="TC_3" time="0.422"/>
  <testcase classname="testNg_1" name="TC_4" time="0.372"/>
</testsuite> <!-- automation testing1 -->
